{"uid":"836ca3740ca427f1","name":"testContainsItemAs","fullName":"playground.tests.MultiLevelDropDownTest.testContainsItemAs","historyId":"e5a56060107c3498a42151cd3f503f0f","time":{"start":1759775576357,"stop":1759775576947,"duration":590},"status":"broken","statusMessage":"Element 'Frog' not found","statusTrace":"java.lang.RuntimeException: Element 'Frog' not found\n\tat playground.pages.MultiLevelDropDownPage.lambda$dropdownListContains$3(MultiLevelDropDownPage.java:53)\n\tat java.base/java.util.Optional.orElseThrow(Optional.java:403)\n\tat playground.pages.MultiLevelDropDownPage.dropdownListContains(MultiLevelDropDownPage.java:53)\n\tat playground.tests.MultiLevelDropDownTest.testContainsItemAs(MultiLevelDropDownTest.java:43)\n\tat java.base/jdk.internal.reflect.DirectMethodHandleAccessor.invoke(DirectMethodHandleAccessor.java:103)\n\tat java.base/java.lang.reflect.Method.invoke(Method.java:580)\n\tat org.testng.internal.invokers.MethodInvocationHelper.invokeMethod(MethodInvocationHelper.java:141)\n\tat org.testng.internal.invokers.TestInvoker.invokeMethod(TestInvoker.java:686)\n\tat org.testng.internal.invokers.TestInvoker.invokeTestMethod(TestInvoker.java:230)\n\tat org.testng.internal.invokers.MethodRunner.runInSequence(MethodRunner.java:63)\n\tat org.testng.internal.invokers.TestInvoker$MethodInvocationAgent.invoke(TestInvoker.java:992)\n\tat org.testng.internal.invokers.TestInvoker.invokeTestMethods(TestInvoker.java:203)\n\tat org.testng.internal.invokers.TestMethodWorker.invokeTestMethods(TestMethodWorker.java:154)\n\tat org.testng.internal.invokers.TestMethodWorker.run(TestMethodWorker.java:134)\n\tat java.base/java.util.ArrayList.forEach(ArrayList.java:1596)\n\tat org.testng.TestRunner.privateRun(TestRunner.java:739)\n\tat org.testng.TestRunner.run(TestRunner.java:614)\n\tat org.testng.SuiteRunner.runTest(SuiteRunner.java:421)\n\tat org.testng.SuiteRunner.runSequentially(SuiteRunner.java:413)\n\tat org.testng.SuiteRunner.privateRun(SuiteRunner.java:373)\n\tat org.testng.SuiteRunner.run(SuiteRunner.java:312)\n\tat org.testng.SuiteRunnerWorker.runSuite(SuiteRunnerWorker.java:52)\n\tat org.testng.SuiteRunnerWorker.run(SuiteRunnerWorker.java:95)\n\tat org.testng.TestNG.runSuitesSequentially(TestNG.java:1274)\n\tat org.testng.TestNG.runSuitesLocally(TestNG.java:1208)\n\tat org.testng.TestNG.runSuites(TestNG.java:1112)\n\tat org.testng.TestNG.run(TestNG.java:1079)\n\tat org.apache.maven.surefire.testng.TestNGExecutor.run(TestNGExecutor.java:155)\n\tat org.apache.maven.surefire.testng.TestNGDirectoryTestSuite.executeMulti(TestNGDirectoryTestSuite.java:169)\n\tat org.apache.maven.surefire.testng.TestNGDirectoryTestSuite.execute(TestNGDirectoryTestSuite.java:88)\n\tat org.apache.maven.surefire.testng.TestNGProvider.invoke(TestNGProvider.java:137)\n\tat org.apache.maven.surefire.booter.ForkedBooter.runSuitesInProcess(ForkedBooter.java:385)\n\tat org.apache.maven.surefire.booter.ForkedBooter.execute(ForkedBooter.java:162)\n\tat org.apache.maven.surefire.booter.ForkedBooter.run(ForkedBooter.java:507)\n\tat org.apache.maven.surefire.booter.ForkedBooter.main(ForkedBooter.java:495)\n","flaky":false,"newFailed":false,"newBroken":false,"newPassed":false,"retriesCount":0,"retriesStatusChange":false,"beforeStages":[{"name":"beforeClass","time":{"start":1759775573434,"stop":1759775573434,"duration":0},"description":"","status":"passed","steps":[],"attachments":[],"parameters":[],"stepsCount":0,"shouldDisplayMessage":false,"attachmentsCount":0,"hasContent":false,"attachmentStep":false},{"name":"setUp","time":{"start":1759775575865,"stop":1759775576356,"duration":491},"description":"","status":"passed","steps":[],"attachments":[],"parameters":[],"stepsCount":0,"shouldDisplayMessage":false,"attachmentsCount":0,"hasContent":false,"attachmentStep":false}],"testStage":{"status":"broken","statusMessage":"Element 'Frog' not found","statusTrace":"java.lang.RuntimeException: Element 'Frog' not found\n\tat playground.pages.MultiLevelDropDownPage.lambda$dropdownListContains$3(MultiLevelDropDownPage.java:53)\n\tat java.base/java.util.Optional.orElseThrow(Optional.java:403)\n\tat playground.pages.MultiLevelDropDownPage.dropdownListContains(MultiLevelDropDownPage.java:53)\n\tat playground.tests.MultiLevelDropDownTest.testContainsItemAs(MultiLevelDropDownTest.java:43)\n\tat java.base/jdk.internal.reflect.DirectMethodHandleAccessor.invoke(DirectMethodHandleAccessor.java:103)\n\tat java.base/java.lang.reflect.Method.invoke(Method.java:580)\n\tat org.testng.internal.invokers.MethodInvocationHelper.invokeMethod(MethodInvocationHelper.java:141)\n\tat org.testng.internal.invokers.TestInvoker.invokeMethod(TestInvoker.java:686)\n\tat org.testng.internal.invokers.TestInvoker.invokeTestMethod(TestInvoker.java:230)\n\tat org.testng.internal.invokers.MethodRunner.runInSequence(MethodRunner.java:63)\n\tat org.testng.internal.invokers.TestInvoker$MethodInvocationAgent.invoke(TestInvoker.java:992)\n\tat org.testng.internal.invokers.TestInvoker.invokeTestMethods(TestInvoker.java:203)\n\tat org.testng.internal.invokers.TestMethodWorker.invokeTestMethods(TestMethodWorker.java:154)\n\tat org.testng.internal.invokers.TestMethodWorker.run(TestMethodWorker.java:134)\n\tat java.base/java.util.ArrayList.forEach(ArrayList.java:1596)\n\tat org.testng.TestRunner.privateRun(TestRunner.java:739)\n\tat org.testng.TestRunner.run(TestRunner.java:614)\n\tat org.testng.SuiteRunner.runTest(SuiteRunner.java:421)\n\tat org.testng.SuiteRunner.runSequentially(SuiteRunner.java:413)\n\tat org.testng.SuiteRunner.privateRun(SuiteRunner.java:373)\n\tat org.testng.SuiteRunner.run(SuiteRunner.java:312)\n\tat org.testng.SuiteRunnerWorker.runSuite(SuiteRunnerWorker.java:52)\n\tat org.testng.SuiteRunnerWorker.run(SuiteRunnerWorker.java:95)\n\tat org.testng.TestNG.runSuitesSequentially(TestNG.java:1274)\n\tat org.testng.TestNG.runSuitesLocally(TestNG.java:1208)\n\tat org.testng.TestNG.runSuites(TestNG.java:1112)\n\tat org.testng.TestNG.run(TestNG.java:1079)\n\tat org.apache.maven.surefire.testng.TestNGExecutor.run(TestNGExecutor.java:155)\n\tat org.apache.maven.surefire.testng.TestNGDirectoryTestSuite.executeMulti(TestNGDirectoryTestSuite.java:169)\n\tat org.apache.maven.surefire.testng.TestNGDirectoryTestSuite.execute(TestNGDirectoryTestSuite.java:88)\n\tat org.apache.maven.surefire.testng.TestNGProvider.invoke(TestNGProvider.java:137)\n\tat org.apache.maven.surefire.booter.ForkedBooter.runSuitesInProcess(ForkedBooter.java:385)\n\tat org.apache.maven.surefire.booter.ForkedBooter.execute(ForkedBooter.java:162)\n\tat org.apache.maven.surefire.booter.ForkedBooter.run(ForkedBooter.java:507)\n\tat org.apache.maven.surefire.booter.ForkedBooter.main(ForkedBooter.java:495)\n","steps":[{"name":"click dropdown menu and choose item : Animals","time":{"start":1759775576621,"stop":1759775576842,"duration":221},"status":"passed","steps":[],"attachments":[],"parameters":[{"name":"name","value":"Animals"}],"stepsCount":0,"shouldDisplayMessage":false,"attachmentsCount":0,"hasContent":true,"attachmentStep":false},{"name":"get dropdown list","time":{"start":1759775576842,"stop":1759775576946,"duration":104},"status":"broken","statusMessage":"Element 'Frog' not found","statusTrace":"java.lang.RuntimeException: Element 'Frog' not found\n\tat playground.pages.MultiLevelDropDownPage.lambda$dropdownListContains$3(MultiLevelDropDownPage.java:53)\n\tat java.base/java.util.Optional.orElseThrow(Optional.java:403)\n\tat playground.pages.MultiLevelDropDownPage.dropdownListContains(MultiLevelDropDownPage.java:53)\n\tat playground.tests.MultiLevelDropDownTest.testContainsItemAs(MultiLevelDropDownTest.java:43)\n\tat java.base/jdk.internal.reflect.DirectMethodHandleAccessor.invoke(DirectMethodHandleAccessor.java:103)\n\tat java.base/java.lang.reflect.Method.invoke(Method.java:580)\n\tat org.testng.internal.invokers.MethodInvocationHelper.invokeMethod(MethodInvocationHelper.java:141)\n\tat org.testng.internal.invokers.TestInvoker.invokeMethod(TestInvoker.java:686)\n\tat org.testng.internal.invokers.TestInvoker.invokeTestMethod(TestInvoker.java:230)\n\tat org.testng.internal.invokers.MethodRunner.runInSequence(MethodRunner.java:63)\n\tat org.testng.internal.invokers.TestInvoker$MethodInvocationAgent.invoke(TestInvoker.java:992)\n\tat org.testng.internal.invokers.TestInvoker.invokeTestMethods(TestInvoker.java:203)\n\tat org.testng.internal.invokers.TestMethodWorker.invokeTestMethods(TestMethodWorker.java:154)\n\tat org.testng.internal.invokers.TestMethodWorker.run(TestMethodWorker.java:134)\n\tat java.base/java.util.ArrayList.forEach(ArrayList.java:1596)\n\tat org.testng.TestRunner.privateRun(TestRunner.java:739)\n\tat org.testng.TestRunner.run(TestRunner.java:614)\n\tat org.testng.SuiteRunner.runTest(SuiteRunner.java:421)\n\tat org.testng.SuiteRunner.runSequentially(SuiteRunner.java:413)\n\tat org.testng.SuiteRunner.privateRun(SuiteRunner.java:373)\n\tat org.testng.SuiteRunner.run(SuiteRunner.java:312)\n\tat org.testng.SuiteRunnerWorker.runSuite(SuiteRunnerWorker.java:52)\n\tat org.testng.SuiteRunnerWorker.run(SuiteRunnerWorker.java:95)\n\tat org.testng.TestNG.runSuitesSequentially(TestNG.java:1274)\n\tat org.testng.TestNG.runSuitesLocally(TestNG.java:1208)\n\tat org.testng.TestNG.runSuites(TestNG.java:1112)\n\tat org.testng.TestNG.run(TestNG.java:1079)\n\tat org.apache.maven.surefire.testng.TestNGExecutor.run(TestNGExecutor.java:155)\n\tat org.apache.maven.surefire.testng.TestNGDirectoryTestSuite.executeMulti(TestNGDirectoryTestSuite.java:169)\n\tat org.apache.maven.surefire.testng.TestNGDirectoryTestSuite.execute(TestNGDirectoryTestSuite.java:88)\n\tat org.apache.maven.surefire.testng.TestNGProvider.invoke(TestNGProvider.java:137)\n\tat org.apache.maven.surefire.booter.ForkedBooter.runSuitesInProcess(ForkedBooter.java:385)\n\tat org.apache.maven.surefire.booter.ForkedBooter.execute(ForkedBooter.java:162)\n\tat org.apache.maven.surefire.booter.ForkedBooter.run(ForkedBooter.java:507)\n\tat org.apache.maven.surefire.booter.ForkedBooter.main(ForkedBooter.java:495)\n","steps":[],"attachments":[],"parameters":[{"name":"name","value":"Frog"}],"stepsCount":0,"shouldDisplayMessage":true,"attachmentsCount":0,"hasContent":true,"attachmentStep":false}],"attachments":[],"parameters":[],"stepsCount":2,"shouldDisplayMessage":false,"attachmentsCount":0,"hasContent":true,"attachmentStep":false},"afterStages":[{"name":"tearDown","time":{"start":1759775576948,"stop":1759775577053,"duration":105},"description":"","status":"passed","steps":[],"attachments":[{"uid":"8f67fce1a342bd07","name":"screenshot.png","source":"8f67fce1a342bd07.png","type":"image/png","size":48545}],"parameters":[],"stepsCount":0,"shouldDisplayMessage":false,"attachmentsCount":1,"hasContent":true,"attachmentStep":false}],"labels":[{"name":"package","value":"playground.tests.MultiLevelDropDownTest"},{"name":"testClass","value":"playground.tests.MultiLevelDropDownTest"},{"name":"testMethod","value":"testContainsItemAs"},{"name":"parentSuite","value":"Surefire suite"},{"name":"suite","value":"Surefire test"},{"name":"subSuite","value":"playground.tests.MultiLevelDropDownTest"},{"name":"host","value":"runnervmwhb2z"},{"name":"thread","value":"2562@runnervmwhb2z.main(1)"},{"name":"framework","value":"testng"},{"name":"language","value":"java"},{"name":"resultFormat","value":"allure2"}],"parameters":[],"links":[],"hidden":false,"retry":false,"extra":{"severity":"normal","retries":[],"categories":[{"name":"Test defects","matchedStatuses":[],"flaky":false}],"history":{"statistic":{"failed":0,"broken":4,"skipped":0,"passed":0,"unknown":14,"total":18},"items":[{"uid":"b30f692526c96a09","reportUrl":"https://RomanBurlaka78.github.io/QA_PlaygroundWithOutDocker/21/#testresult/b30f692526c96a09","status":"broken","statusDetails":"stale element reference: stale element not found in the current frame\n  (Session info: chrome=140.0.7339.207)\nFor documentation on this error, please visit: https://www.selenium.dev/documentation/webdriver/troubleshooting/errors#stale-element-reference-exception\nBuild info: version: '4.30.0', revision: '509c7f17cc*'\nSystem info: os.name: 'Linux', os.arch: 'amd64', os.version: '6.11.0-1018-azure', java.version: '21.0.8'\nDriver info: org.openqa.selenium.chrome.ChromeDriver\nCommand: [2467b577af8489a9c1b586587dcee2a5, getElementText {id=f.B944C63BAD68731B539A856C94F6672F.d.76D619050EE2A6F4D936FC0B3EAD8AED.e.31}]\nCapabilities {acceptInsecureCerts: false, browserName: chrome, browserVersion: 140.0.7339.207, chrome: {chromedriverVersion: 140.0.7339.207 (17230b545fd..., userDataDir: /tmp/chrome-profile-1759775...}, fedcm:accounts: true, goog:chromeOptions: {debuggerAddress: localhost:43321}, networkConnectionEnabled: false, pageLoadStrategy: normal, platformName: linux, proxy: Proxy(), se:cdp: ws://localhost:43321/devtoo..., se:cdpVersion: 140.0.7339.207, setWindowRect: true, strictFileInteractability: false, timeouts: {implicit: 0, pageLoad: 300000, script: 30000}, unhandledPromptBehavior: dismiss and notify, webauthn:extension:credBlob: true, webauthn:extension:largeBlob: true, webauthn:extension:minPinLength: true, webauthn:extension:prf: true, webauthn:virtualAuthenticators: true}\nElement: [[ChromeDriver: chrome on linux (2467b577af8489a9c1b586587dcee2a5)] -> css selector: a[class='menu-item']]\nSession ID: 2467b577af8489a9c1b586587dcee2a5","time":{"start":1759775348988,"stop":1759775349383,"duration":395}},{"uid":"aa03abc9ffbfb206","reportUrl":"https://RomanBurlaka78.github.io/QA_PlaygroundWithOutDocker/20/#testresult/aa03abc9ffbfb206","status":"broken","statusDetails":"Element 'Frog' not found","time":{"start":1759607421023,"stop":1759607421598,"duration":575}},{"uid":"5016ecbc5afbc16e","reportUrl":"https://RomanBurlaka78.github.io/QA_PlaygroundWithOutDocker/19/#testresult/5016ecbc5afbc16e","status":"broken","statusDetails":"stale element reference: stale element not found in the current frame\n  (Session info: chrome=140.0.7339.207)\nFor documentation on this error, please visit: https://www.selenium.dev/documentation/webdriver/troubleshooting/errors#stale-element-reference-exception\nBuild info: version: '4.30.0', revision: '509c7f17cc*'\nSystem info: os.name: 'Linux', os.arch: 'amd64', os.version: '6.11.0-1018-azure', java.version: '21.0.8'\nDriver info: org.openqa.selenium.chrome.ChromeDriver\nCommand: [5eeac45e536a35a23b67cac644a3386b, getElementText {id=f.E158E2A00F03665EF51318D50BCA080A.d.82540428B6EE6E28C60B772BBF0B253C.e.33}]\nCapabilities {acceptInsecureCerts: false, browserName: chrome, browserVersion: 140.0.7339.207, chrome: {chromedriverVersion: 140.0.7339.207 (17230b545fd..., userDataDir: /tmp/chrome-profile-1759607...}, fedcm:accounts: true, goog:chromeOptions: {debuggerAddress: localhost:35537}, networkConnectionEnabled: false, pageLoadStrategy: normal, platformName: linux, proxy: Proxy(), se:cdp: ws://localhost:35537/devtoo..., se:cdpVersion: 140.0.7339.207, setWindowRect: true, strictFileInteractability: false, timeouts: {implicit: 0, pageLoad: 300000, script: 30000}, unhandledPromptBehavior: dismiss and notify, webauthn:extension:credBlob: true, webauthn:extension:largeBlob: true, webauthn:extension:minPinLength: true, webauthn:extension:prf: true, webauthn:virtualAuthenticators: true}\nElement: [[ChromeDriver: chrome on linux (5eeac45e536a35a23b67cac644a3386b)] -> css selector: a[class='menu-item']]\nSession ID: 5eeac45e536a35a23b67cac644a3386b","time":{"start":1759607268564,"stop":1759607269055,"duration":491}},{"uid":"7e2b832e31a1f651","reportUrl":"https://RomanBurlaka78.github.io/QA_PlaygroundWithOutDocker/18/#testresult/7e2b832e31a1f651","status":"unknown","time":{"start":1759606447143,"stop":1759606447143,"duration":0}},{"uid":"a2de36555617e60c","reportUrl":"https://RomanBurlaka78.github.io/QA_PlaygroundWithOutDocker/17/#testresult/a2de36555617e60c","status":"unknown","time":{"start":1759604197653,"stop":1759604197653,"duration":0}},{"uid":"68caca9d37a6a6c4","reportUrl":"https://RomanBurlaka78.github.io/QA_PlaygroundWithOutDocker/16/#testresult/68caca9d37a6a6c4","status":"unknown","time":{"start":1759603980473,"stop":1759603980473,"duration":0}},{"uid":"ae6207efcb5b3473","reportUrl":"https://RomanBurlaka78.github.io/QA_PlaygroundWithOutDocker/15/#testresult/ae6207efcb5b3473","status":"unknown","time":{"start":1759603574542,"stop":1759603574542,"duration":0}},{"uid":"e3ed8c8ae79a11ac","reportUrl":"https://RomanBurlaka78.github.io/QA_PlaygroundWithOutDocker/14/#testresult/e3ed8c8ae79a11ac","status":"unknown","time":{"start":1759603202605,"stop":1759603202605,"duration":0}},{"uid":"8806874adc3ff8b9","reportUrl":"https://RomanBurlaka78.github.io/QA_PlaygroundWithOutDocker/13/#testresult/8806874adc3ff8b9","status":"unknown","time":{"start":1759602758996,"stop":1759602758996,"duration":0}},{"uid":"67f2410c14b11278","reportUrl":"https://RomanBurlaka78.github.io/QA_PlaygroundWithOutDocker/12/#testresult/67f2410c14b11278","status":"unknown","time":{"start":1759599135272,"stop":1759599135272,"duration":0}},{"uid":"33785fe3940d0398","reportUrl":"https://RomanBurlaka78.github.io/QA_PlaygroundWithOutDocker/11/#testresult/33785fe3940d0398","status":"unknown","time":{"start":1759599050802,"stop":1759599050802,"duration":0}},{"uid":"cbe2fc354e3a5803","reportUrl":"https://RomanBurlaka78.github.io/QA_PlaygroundWithOutDocker/10/#testresult/cbe2fc354e3a5803","status":"unknown","time":{"start":1759598330866,"stop":1759598330866,"duration":0}},{"uid":"66c1e59739d625f6","reportUrl":"https://RomanBurlaka78.github.io/QA_PlaygroundWithOutDocker/9/#testresult/66c1e59739d625f6","status":"unknown","time":{"start":1759598193736,"stop":1759598193736,"duration":0}},{"uid":"e095e337251eca14","reportUrl":"https://RomanBurlaka78.github.io/QA_PlaygroundWithOutDocker/8/#testresult/e095e337251eca14","status":"unknown","time":{"start":1759597646877,"stop":1759597646877,"duration":0}},{"uid":"39d583655eaeed7","reportUrl":"https://RomanBurlaka78.github.io/QA_PlaygroundWithOutDocker/7/#testresult/39d583655eaeed7","status":"unknown","time":{"start":1759597482323,"stop":1759597482323,"duration":0}},{"uid":"869f87fd942ff89f","reportUrl":"https://RomanBurlaka78.github.io/QA_PlaygroundWithOutDocker/5/#testresult/869f87fd942ff89f","status":"unknown","time":{"start":1759594602705,"stop":1759594602705,"duration":0}},{"uid":"55922f0628dfb73b","reportUrl":"https://RomanBurlaka78.github.io/QA_PlaygroundWithOutDocker/4/#testresult/55922f0628dfb73b","status":"unknown","time":{"start":1759593294233,"stop":1759593294233,"duration":0}}]},"tags":[]},"source":"836ca3740ca427f1.json","parameterValues":[]}